<?xml version="1.0" encoding="UTF-8"?>
<!-- Generated by org.testng.reporters.JUnitReportReporter -->
<testsuite hostname="LAPTOP-CN12N8H4" failures="0" tests="5" name="org.project.TS_006" time="54.214" errors="0" timestamp="2025-05-06T18:41:13 IST" skipped="0">
  <testcase classname="org.project.TS_006" name="tc_029_validEmailReset" time="7.039"/>
  <testcase classname="org.project.TS_006" name="tc_025_verifyForgetPasswordLink" time="7.202"/>
  <testcase classname="org.project.TS_006" name="tc_028_invalidEmailError" time="11.921"/>
  <testcase classname="org.project.TS_006" name="tc_027_blankEmailError" time="6.476"/>
  <testcase classname="org.project.TS_006" name="tc_026_verifyEmailFieldPresent" time="21.576"/>
</testsuite> <!-- org.project.TS_006 -->
