<?xml version="1.0" encoding="UTF-8"?>
<!-- Generated by org.testng.reporters.JUnitReportReporter -->
<testsuite hostname="LAPTOP-CN12N8H4" failures="0" tests="4" name="org.sample.Testng" time="0.014" errors="0" timestamp="2025-05-05T11:53:09 IST" skipped="0">
  <testcase classname="org.sample.Testng" name="tc001" time="0.010"/>
  <testcase classname="org.sample.Testng" name="tc002" time="0.002"/>
  <testcase classname="org.sample.Testng" name="tc004" time="0.001"/>
  <testcase classname="org.sample.Testng" name="tc003" time="0.001"/>
</testsuite> <!-- org.sample.Testng -->
