<?xml version="1.0" encoding="UTF-8"?>
<!-- Generated by org.testng.reporters.JUnitReportReporter -->
<testsuite hostname="LAPTOP-CN12N8H4" failures="0" tests="3" name="org.project.TS_023" time="4.385" errors="0" timestamp="2025-05-10T11:30:02 IST" skipped="0">
  <testcase classname="org.project.TS_023" name="tc_083_testVPSLinkVisibilityAndPlacement" time="2.821"/>
  <testcase classname="org.project.TS_023" name="tc_084_testVPSLinkStyling" time="0.044"/>
  <testcase classname="org.project.TS_023" name="tc_085_testVPSLinkResponsivePresence" time="1.520"/>
</testsuite> <!-- org.project.TS_023 -->
