<?xml version="1.0" encoding="UTF-8"?>
<!-- Generated by org.testng.reporters.JUnitReportReporter -->
<testsuite hostname="LAPTOP-CN12N8H4" failures="0" tests="4" name="org.sample.B" time="0.006" errors="0" timestamp="2025-05-09T11:26:11 IST" skipped="0">
  <testcase classname="org.sample.B" name="tc001" time="0.002"/>
  <testcase classname="org.sample.B" name="tc004" time="0.001"/>
  <testcase classname="org.sample.B" name="tc003" time="0.001"/>
  <testcase classname="org.sample.B" name="tc002" time="0.002"/>
</testsuite> <!-- org.sample.B -->
