<?xml version="1.0" encoding="UTF-8"?>
<!-- Generated by org.testng.reporters.JUnitReportReporter -->
<testsuite hostname="LAPTOP-CN12N8H4" failures="0" tests="4" name="org.project.TS_001" time="37.469" errors="0" timestamp="2025-05-11T19:53:15 IST" skipped="0">
  <testcase classname="org.project.TS_001" name="tc_004_verifySpecialCharactersInput" time="9.478"/>
  <testcase classname="org.project.TS_001" name="tc_001_verifyEmailTextboxVisibility" time="8.456"/>
  <testcase classname="org.project.TS_001" name="tc_002_verifyEmailTextboxAlignment" time="9.806"/>
  <testcase classname="org.project.TS_001" name="tc_003_verifyAlphanumericInput" time="9.729"/>
</testsuite> <!-- org.project.TS_001 -->
