<?xml version="1.0" encoding="UTF-8"?>
<!-- Generated by org.testng.reporters.JUnitReportReporter -->
<testsuite hostname="LAPTOP-CN12N8H4" failures="0" tests="4" name="org.project.TS_012" time="12.368" errors="0" timestamp="2025-05-09T13:46:09 IST" skipped="0">
  <testcase classname="org.project.TS_012" name="tc_054_testLogoRedirectionToHome" time="3.890"/>
  <testcase classname="org.project.TS_012" name="tc_055_testLogoRedirectionFromInternalPage" time="4.755"/>
  <testcase classname="org.project.TS_012" name="tc_056_testLogoClickNoNewTab" time="2.547"/>
  <testcase classname="org.project.TS_012" name="tc_057_testLogoIsClickable" time="1.176"/>
</testsuite> <!-- org.project.TS_012 -->
